<?xml version="1.0" encoding="UTF-8"?>
<!-- Generated by org.testng.reporters.JUnitXMLReporter -->
<testsuite hostname="iDeliver20-PC" name="FirefoxTest" tests="1" failures="1" timestamp="9 Oct 2019 11:10:36 GMT" time="0.049" errors="0">
  <testcase name="LaunchApplication" time="0.012" classname="com.OH.e2e.Script">
    <failure type="java.lang.NullPointerException">
      <![CDATA[java.lang.NullPointerException
	at com.OH.e2e.Script.LaunchApplication(Script.java:47)
	at java.util.concurrent.FutureTask.run(Unknown Source)
	at java.util.concurrent.ThreadPoolExecutor.runWorker(Unknown Source)
	at java.util.concurrent.ThreadPoolExecutor$Worker.run(Unknown Source)
	at java.lang.Thread.run(Unknown Source)
... Removed 16 stack frames]]>
    </failure>
  </testcase> <!-- LaunchApplication -->
</testsuite> <!-- FirefoxTest -->
