<?xml version="1.0" encoding="UTF-8"?>
<!-- Generated by org.testng.reporters.JUnitXMLReporter -->
<testsuite hostname="iDeliver20-PC" name="IETest" tests="1" failures="1" timestamp="9 Oct 2019 11:10:55 GMT" time="19.36" errors="0">
  <testcase name="LaunchApplication" time="19.334" classname="com.OH.e2e.Script">
    <failure type="org.apache.poi.EmptyFileException" message="The supplied file was empty (zero bytes long)">
      <![CDATA[org.apache.poi.EmptyFileException: The supplied file was empty (zero bytes long)
	at org.apache.poi.util.IOUtils.peekFirstNBytes(IOUtils.java:65)
	at org.apache.poi.util.IOUtils.peekFirst8Bytes(IOUtils.java:48)
	at org.apache.poi.ss.usermodel.WorkbookFactory.create(WorkbookFactory.java:177)
	at org.apache.poi.ss.usermodel.WorkbookFactory.create(WorkbookFactory.java:144)
	at com.OH.libraries.Excel_Libraries.Excel_Reporter(Excel_Libraries.java:61)
	at com.OH.libraries.Utility_Libraries.Pass_Reporter(Utility_Libraries.java:82)
	at com.OH.e2e.Script.LaunchApplication(Script.java:57)
	at java.util.concurrent.FutureTask.run(Unknown Source)
	at java.util.concurrent.ThreadPoolExecutor.runWorker(Unknown Source)
	at java.util.concurrent.ThreadPoolExecutor$Worker.run(Unknown Source)
	at java.lang.Thread.run(Unknown Source)
... Removed 16 stack frames]]>
    </failure>
  </testcase> <!-- LaunchApplication -->
</testsuite> <!-- IETest -->
